This is pdfTeX, Version 3.14159265-2.6-1.40.18 (TeX Live 2017) (preloaded format=pdflatex 2017.9.6)  30 JUL 2019 00:29
entering extended mode
 restricted \write18 enabled.
 %&-line parsing enabled.
**dbe.tex
(./dbe.tex
LaTeX2e <2017-04-15>
Babel <3.10> and hyphenation patterns for 84 language(s) loaded.
(./iopart.cls
Document Class: iopart 1996/06/10 v0.0 IOP Journals LaTeX article class
(./iopart10.clo
File: iopart10.clo 1997/01/13 v1.0 IOP Book file (size option)
)
\c@jnl=\count79
\c@section=\count80
\c@subsection=\count81
\c@subsubsection=\count82
\c@paragraph=\count83
\c@subparagraph=\count84
\c@figure=\count85
\c@table=\count86
\abovecaptionskip=\skip41
\belowcaptionskip=\skip42
\indentedwidth=\skip43
\mathindent=\dimen102
\c@eqnval=\count87
)
(/usr/local/texlive/2017/texmf-dist/tex/latex/graphics/graphicx.sty
Package: graphicx 2014/10/28 v1.0g Enhanced LaTeX Graphics (DPC,SPQR)

(/usr/local/texlive/2017/texmf-dist/tex/latex/graphics/keyval.sty
Package: keyval 2014/10/28 v1.15 key=value parser (DPC)
\KV@toks@=\toks14
)
(/usr/local/texlive/2017/texmf-dist/tex/latex/graphics/graphics.sty
Package: graphics 2017/04/14 v1.1b Standard LaTeX Graphics (DPC,SPQR)

(/usr/local/texlive/2017/texmf-dist/tex/latex/graphics/trig.sty
Package: trig 2016/01/03 v1.10 sin cos tan (DPC)
)
(/usr/local/texlive/2017/texmf-dist/tex/latex/graphics-cfg/graphics.cfg
File: graphics.cfg 2016/06/04 v1.11 sample graphics configuration
)
Package graphics Info: Driver file: pdftex.def on input line 99.

(/usr/local/texlive/2017/texmf-dist/tex/latex/graphics-def/pdftex.def
File: pdftex.def 2017/01/12 v0.06k Graphics/color for pdfTeX

(/usr/local/texlive/2017/texmf-dist/tex/generic/oberdiek/infwarerr.sty
Package: infwarerr 2016/05/16 v1.4 Providing info/warning/error messages (HO)
)
(/usr/local/texlive/2017/texmf-dist/tex/generic/oberdiek/ltxcmds.sty
Package: ltxcmds 2016/05/16 v1.23 LaTeX kernel commands for general use (HO)
)
\Gread@gobject=\count88
))
\Gin@req@height=\dimen103
\Gin@req@width=\dimen104
)
(/usr/local/texlive/2017/texmf-dist/tex/latex/booktabs/booktabs.sty
Package: booktabs 2016/04/27 v1.618033 publication quality tables
\heavyrulewidth=\dimen105
\lightrulewidth=\dimen106
\cmidrulewidth=\dimen107
\belowrulesep=\dimen108
\belowbottomsep=\dimen109
\aboverulesep=\dimen110
\abovetopsep=\dimen111
\cmidrulesep=\dimen112
\cmidrulekern=\dimen113
\defaultaddspace=\dimen114
\@cmidla=\count89
\@cmidlb=\count90
\@aboverulesep=\dimen115
\@belowrulesep=\dimen116
\@thisruleclass=\count91
\@lastruleclass=\count92
\@thisrulewidth=\dimen117
)
(/usr/local/texlive/2017/texmf-dist/tex/latex/dblfloatfix/dblfloatfix.sty
Package: dblfloatfix 2012/12/31 v1.0a (JAW)

(/usr/local/texlive/2017/texmf-dist/tex/latex/base/fixltx2e.sty
Package: fixltx2e 2016/12/29 v2.1a fixes to LaTeX (obsolete)
Applying: [2015/01/01] Old fixltx2e package on input line 46.


Package fixltx2e Warning: fixltx2e is not required with releases after 2015
(fixltx2e)                All fixes are now in the LaTeX kernel.
(fixltx2e)                See the latexrelease package for details.

Already applied: [0000/00/00] Old fixltx2e package on input line 53.
)
\@dblbotnum=\count93
\c@dblbotnumber=\count94
) (./iopams.sty
Package: iopams 1997/02/13 v1.0

(/usr/local/texlive/2017/texmf-dist/tex/latex/amsmath/amsgen.sty
File: amsgen.sty 1999/11/30 v2.0 generic functions
\@emptytoks=\toks15
\ex@=\dimen118
)
(/usr/local/texlive/2017/texmf-dist/tex/latex/amsfonts/amsfonts.sty
Package: amsfonts 2013/01/14 v3.01 Basic AMSFonts support
\symAMSa=\mathgroup4
\symAMSb=\mathgroup5
LaTeX Font Info:    Overwriting math alphabet `\mathfrak' in version `bold'
(Font)                  U/euf/m/n --> U/euf/b/n on input line 106.
)
(/usr/local/texlive/2017/texmf-dist/tex/latex/amsfonts/amssymb.sty
Package: amssymb 2013/01/14 v3.01 AMS font symbols
)
(/usr/local/texlive/2017/texmf-dist/tex/latex/amsmath/amsbsy.sty
Package: amsbsy 1999/11/29 v1.2d Bold Symbols
\pmbraise@=\dimen119
)) (./dbe.aux)
\openout1 = `dbe.aux'.

LaTeX Font Info:    Checking defaults for OML/cmm/m/it on input line 8.
LaTeX Font Info:    ... okay on input line 8.
LaTeX Font Info:    Checking defaults for T1/cmr/m/n on input line 8.
LaTeX Font Info:    ... okay on input line 8.
LaTeX Font Info:    Checking defaults for OT1/cmr/m/n on input line 8.
LaTeX Font Info:    ... okay on input line 8.
LaTeX Font Info:    Checking defaults for OMS/cmsy/m/n on input line 8.
LaTeX Font Info:    ... okay on input line 8.
LaTeX Font Info:    Checking defaults for OMX/cmex/m/n on input line 8.
LaTeX Font Info:    ... okay on input line 8.
LaTeX Font Info:    Checking defaults for U/cmr/m/n on input line 8.
LaTeX Font Info:    ... okay on input line 8.

(/usr/local/texlive/2017/texmf-dist/tex/context/base/mkii/supp-pdf.mkii
[Loading MPS to PDF converter (version 2006.09.02).]
\scratchcounter=\count95
\scratchdimen=\dimen120
\scratchbox=\box26
\nofMPsegments=\count96
\nofMParguments=\count97
\everyMPshowfont=\toks16
\MPscratchCnt=\count98
\MPscratchDim=\dimen121
\MPnumerator=\count99
\makeMPintoPDFobject=\count100
\everyMPtoPDFconversion=\toks17
) (/usr/local/texlive/2017/texmf-dist/tex/generic/oberdiek/pdftexcmds.sty
Package: pdftexcmds 2017/03/19 v0.25 Utility functions of pdfTeX for LuaTeX (HO
)

(/usr/local/texlive/2017/texmf-dist/tex/generic/oberdiek/ifluatex.sty
Package: ifluatex 2016/05/16 v1.4 Provides the ifluatex switch (HO)
Package ifluatex Info: LuaTeX not detected.
)
(/usr/local/texlive/2017/texmf-dist/tex/generic/oberdiek/ifpdf.sty
Package: ifpdf 2017/03/15 v3.2 Provides the ifpdf switch
)
Package pdftexcmds Info: LuaTeX not detected.
Package pdftexcmds Info: \pdf@primitive is available.
Package pdftexcmds Info: \pdf@ifprimitive is available.
Package pdftexcmds Info: \pdfdraftmode found.
)
(/usr/local/texlive/2017/texmf-dist/tex/latex/oberdiek/epstopdf-base.sty
Package: epstopdf-base 2016/05/15 v2.6 Base part for package epstopdf

(/usr/local/texlive/2017/texmf-dist/tex/latex/oberdiek/grfext.sty
Package: grfext 2016/05/16 v1.2 Manage graphics extensions (HO)

(/usr/local/texlive/2017/texmf-dist/tex/generic/oberdiek/kvdefinekeys.sty
Package: kvdefinekeys 2016/05/16 v1.4 Define keys (HO)
))
(/usr/local/texlive/2017/texmf-dist/tex/latex/oberdiek/kvoptions.sty
Package: kvoptions 2016/05/16 v3.12 Key value format for package options (HO)

(/usr/local/texlive/2017/texmf-dist/tex/generic/oberdiek/kvsetkeys.sty
Package: kvsetkeys 2016/05/16 v1.17 Key value parser (HO)

(/usr/local/texlive/2017/texmf-dist/tex/generic/oberdiek/etexcmds.sty
Package: etexcmds 2016/05/16 v1.6 Avoid name clashes with e-TeX commands (HO)
Package etexcmds Info: Could not find \expanded.
(etexcmds)             That can mean that you are not using pdfTeX 1.50 or
(etexcmds)             that some package has redefined \expanded.
(etexcmds)             In the latter case, load this package earlier.
)))
Package epstopdf-base Info: Redefining graphics rule for `.eps' on input line 4
38.
Package grfext Info: Graphics extension search list:
(grfext)             [.png,.pdf,.jpg,.mps,.jpeg,.jbig2,.jb2,.PNG,.PDF,.JPG,.JPE
G,.JBIG2,.JB2,.eps]
(grfext)             \AppendGraphicsExtensions on input line 456.

(/usr/local/texlive/2017/texmf-dist/tex/latex/latexconfig/epstopdf-sys.cfg
File: epstopdf-sys.cfg 2010/07/13 v1.3 Configuration of (r)epstopdf for TeX Liv
e
))
LaTeX Font Info:    Try loading font information for U+msa on input line 14.

(/usr/local/texlive/2017/texmf-dist/tex/latex/amsfonts/umsa.fd
File: umsa.fd 2013/01/14 v3.01 AMS symbols A
)
LaTeX Font Info:    Try loading font information for U+msb on input line 14.

(/usr/local/texlive/2017/texmf-dist/tex/latex/amsfonts/umsb.fd
File: umsb.fd 2013/01/14 v3.01 AMS symbols B
)
Missing character: There is no ‚ in font cmr8!
Missing character: There is no Ä in font cmr8!
Missing character: There is no ú in font cmr8!
Missing character: There is no ‚ in font cmr8!
Missing character: There is no Ä in font cmr8!
Missing character: There is no ù in font cmr8!
 [1

{/usr/local/texlive/2017/texmf-var/fonts/map/pdftex/updmap/pdftex.map}]
Underfull \hbox (badness 2368) in paragraph at lines 59--60
\OT1/cmr/m/n/10 processes of nuclear reactions. Investigation of
 []


Underfull \hbox (badness 2050) in paragraph at lines 63--64
[]\OT1/cmr/m/n/10 the deformed shape reflected in the nuclear
 []


Underfull \hbox (badness 1400) in paragraph at lines 67--69
\OT1/cmr/m/n/10 These aspects led to take $[]$Be as a subject for
 []


Underfull \hbox (badness 2469) in paragraph at lines 81--83
\OT1/cmr/m/n/10 attention was focused on the breakup processes
 []


Underfull \hbox (badness 1622) in paragraph at lines 86--87
\OT1/cmr/m/n/10 structure [[], []]. The interaction potential of
 []


Underfull \hbox (badness 1117) in paragraph at lines 86--87
\OT1/cmr/m/n/10 with experimental data led to application of the
 []

[2

] <fig1.pdf, id=24, 227.62239pt x 170.7168pt>
File: fig1.pdf Graphic file (type pdf)
 <use fig1.pdf>
Package pdftex.def Info: fig1.pdf used on input line 99.
(pdftex.def)             Requested size: 233.3125pt x 174.99365pt.

<fig2.pdf, id=25, 227.62239pt x 170.7168pt>
File: fig2.pdf Graphic file (type pdf)
 <use fig2.pdf>
Package pdftex.def Info: fig2.pdf used on input line 105.
(pdftex.def)             Requested size: 233.3125pt x 174.99365pt.

Underfull \hbox (badness 10000) in paragraph at lines 125--139

 []


Underfull \hbox (badness 3343) in paragraph at lines 151--152
\OT1/cmr/m/n/10 where $\OML/cmm/m/it/10 V[]; W[]; V[];$ \OT1/cmr/m/n/10 and $\O
ML/cmm/m/it/10 V[]$ \OT1/cmr/m/n/10 are real volume,
 []

Package epstopdf Info: Source file: <2H9BE.eps>
(epstopdf)                    date: 2019-06-22 19:06:15
(epstopdf)                    size: 55222 bytes
(epstopdf)             Output file: <2H9BE-eps-converted-to.pdf>
(epstopdf)                    date: 2019-07-29 21:12:52
(epstopdf)                    size: 37337 bytes
(epstopdf)             Command: <repstopdf --outfile=2H9BE-eps-converted-to.pdf
 2H9BE.eps>
(epstopdf)             \includegraphics on input line 163.
Package epstopdf Info: Output file is already uptodate.
<2H9BE-eps-converted-to.pdf, id=26, 285.065pt x 227.85126pt>
File: 2H9BE-eps-converted-to.pdf Graphic file (type pdf)

<use 2H9BE-eps-converted-to.pdf>
Package pdftex.def Info: 2H9BE-eps-converted-to.pdf used on input line 163.
(pdftex.def)             Requested size: 233.3125pt x 186.4846pt.

Underfull \hbox (badness 2671) in paragraph at lines 167--168
[]\OT1/cmr/m/n/10 The DF potential was calculated using the
 []

[3 <./fig1.pdf> <./fig2.pdf>]
Underfull \hbox (badness 3364) in paragraph at lines 191--194
\OT1/cmr/m/n/10 calculations with the measured data for elastic
 []

Package epstopdf Info: Source file: <2H9BE2430MEV.eps>
(epstopdf)                    date: 2019-05-21 10:43:17
(epstopdf)                    size: 82658 bytes
(epstopdf)             Output file: <2H9BE2430MEV-eps-converted-to.pdf>
(epstopdf)                    date: 2019-05-21 10:43:32
(epstopdf)                    size: 46884 bytes
(epstopdf)             Command: <repstopdf --outfile=2H9BE2430MEV-eps-converted
-to.pdf 2H9BE2430MEV.eps>
(epstopdf)             \includegraphics on input line 197.
Package epstopdf Info: Output file is already uptodate.
<2H9BE2430MEV-eps-converted-to.pdf, id=112, 285.065pt x 227.85126pt>
File: 2H9BE2430MEV-eps-converted-to.pdf Graphic file (type pdf)

<use 2H9BE2430MEV-eps-converted-to.pdf>
Package pdftex.def Info: 2H9BE2430MEV-eps-converted-to.pdf used on input line 1
97.
(pdftex.def)             Requested size: 233.3125pt x 186.4846pt.

Underfull \hbox (badness 4168) in paragraph at lines 198--198
[]\OT1/cmr/bx/n/8 Figure 4. []\OT1/cmr/m/n/8 The cross sections of inelastic sc
attering
 []


Underfull \hbox (badness 1184) in paragraph at lines 202--203
\OT1/cmr/m/n/10 to analyse the measured inelastic scattering data
 []

[4 <./2H9BE-eps-converted-to.pdf> <./2H9BE2430MEV-eps-converted-to.pdf>]
Package epstopdf Info: Source file: <9BE8BECC.eps>
(epstopdf)                    date: 2019-02-01 16:13:16
(epstopdf)                    size: 2009226 bytes
(epstopdf)             Output file: <9BE8BECC-eps-converted-to.pdf>
(epstopdf)                    date: 2019-02-01 16:13:18
(epstopdf)                    size: 29979 bytes
(epstopdf)             Command: <repstopdf --outfile=9BE8BECC-eps-converted-to.
pdf 9BE8BECC.eps>
(epstopdf)             \includegraphics on input line 219.
Package epstopdf Info: Output file is already uptodate.

<9BE8BECC-eps-converted-to.pdf, id=205, 203.76125pt x 194.7275pt>
File: 9BE8BECC-eps-converted-to.pdf Graphic file (type pdf)

<use 9BE8BECC-eps-converted-to.pdf>
Package pdftex.def Info: 9BE8BECC-eps-converted-to.pdf used on input line 219.
(pdftex.def)             Requested size: 173.19786pt x 165.51913pt.
Package epstopdf Info: Source file: <1H10BE.eps>
(epstopdf)                    date: 2019-06-22 17:20:49
(epstopdf)                    size: 86478 bytes
(epstopdf)             Output file: <1H10BE-eps-converted-to.pdf>
(epstopdf)                    date: 2019-06-22 17:21:09
(epstopdf)                    size: 53881 bytes
(epstopdf)             Command: <repstopdf --outfile=1H10BE-eps-converted-to.pd
f 1H10BE.eps>
(epstopdf)             \includegraphics on input line 233.
Package epstopdf Info: Output file is already uptodate.

<1H10BE-eps-converted-to.pdf, id=206, 285.065pt x 343.2825pt>
File: 1H10BE-eps-converted-to.pdf Graphic file (type pdf)

<use 1H10BE-eps-converted-to.pdf>
Package pdftex.def Info: 1H10BE-eps-converted-to.pdf used on input line 233.
(pdftex.def)             Requested size: 228.0523pt x 274.62636pt.
Package epstopdf Info: Source file: <3H8BE.eps>
(epstopdf)                    date: 2019-06-22 17:21:04
(epstopdf)                    size: 101716 bytes
(epstopdf)             Output file: <3H8BE-eps-converted-to.pdf>
(epstopdf)                    date: 2019-06-22 17:21:10
(epstopdf)                    size: 53017 bytes
(epstopdf)             Command: <repstopdf --outfile=3H8BE-eps-converted-to.pdf
 3H8BE.eps>
(epstopdf)             \includegraphics on input line 238.
Package epstopdf Info: Output file is already uptodate.

<3H8BE-eps-converted-to.pdf, id=207, 285.065pt x 343.2825pt>
File: 3H8BE-eps-converted-to.pdf Graphic file (type pdf)

<use 3H8BE-eps-converted-to.pdf>
Package pdftex.def Info: 3H8BE-eps-converted-to.pdf used on input line 238.
(pdftex.def)             Requested size: 228.0523pt x 274.62636pt.

Underfull \hbox (badness 2229) in paragraph at lines 246--247
[]\OT1/cmr/m/n/10 In order to construct the bound-state wave
 []

[5 <./9BE8BECC-eps-converted-to.pdf>]
Underfull \hbox (badness 1472) in paragraph at lines 319--324
\OT1/cmr/m/n/10 especially in the range of 40-60 degrees. It is
 []


Underfull \hbox (badness 1946) in paragraph at lines 325--329
\OT1/cmr/m/n/9 2[]\OML/cmm/m/it/9 ;  []\OT1/cmr/m/n/9 5\OML/cmm/m/it/9 =\OT1/cm
r/m/n/9 2[] \OMS/cmsy/m/n/9 ! \OT1/cmr/m/n/9 2[]\OML/cmm/m/it/9 ;  []\OT1/cmr/m
/n/9 7\OML/cmm/m/it/9 =\OT1/cmr/m/n/9 2[] \OMS/cmsy/m/n/9 ! \OT1/cmr/m/n/9 2[]$
  \OT1/cmr/m/n/10 transitions was
 []


Underfull \hbox (badness 2582) in paragraph at lines 330--334
[]\OT1/cmr/m/n/10 Figure 7[] displays the cross sections of the
 []


Underfull \hbox (badness 1205) in paragraph at lines 341--342
\OT1/cmr/m/n/10 to the specific behaviour of the cross section at
 []

[6 <./1H10BE-eps-converted-to.pdf> <./3H8BE-eps-converted-to.pdf>]
Package epstopdf Info: Source file: <4HE7LI.eps>
(epstopdf)                    date: 2019-06-22 17:26:17
(epstopdf)                    size: 179608 bytes
(epstopdf)             Output file: <4HE7LI-eps-converted-to.pdf>
(epstopdf)                    date: 2019-06-22 17:26:22
(epstopdf)                    size: 99013 bytes
(epstopdf)             Command: <repstopdf --outfile=4HE7LI-eps-converted-to.pd
f 4HE7LI.eps>
(epstopdf)             \includegraphics on input line 349.
Package epstopdf Info: Output file is already uptodate.

<4HE7LI-eps-converted-to.pdf, id=330, 483.8075pt x 342.27875pt>
File: 4HE7LI-eps-converted-to.pdf Graphic file (type pdf)

<use 4HE7LI-eps-converted-to.pdf>
Package pdftex.def Info: 4HE7LI-eps-converted-to.pdf used on input line 349.
(pdftex.def)             Requested size: 435.42273pt x 308.048pt.
 [7]
Package epstopdf Info: Source file: <4HE7LiCC.eps>
(epstopdf)                    date: 2019-02-04 11:35:20
(epstopdf)                    size: 1974102 bytes
(epstopdf)             Output file: <4HE7LiCC-eps-converted-to.pdf>
(epstopdf)                    date: 2019-07-30 00:21:14
(epstopdf)                    size: 23191 bytes
(epstopdf)             Command: <repstopdf --outfile=4HE7LiCC-eps-converted-to.
pdf 4HE7LiCC.eps>
(epstopdf)             \includegraphics on input line 370.
Package epstopdf Info: Output file is already uptodate.

<4HE7LiCC-eps-converted-to.pdf, id=336, 234.8775pt x 114.4275pt>
File: 4HE7LiCC-eps-converted-to.pdf Graphic file (type pdf)

<use 4HE7LiCC-eps-converted-to.pdf>
Package pdftex.def Info: 4HE7LiCC-eps-converted-to.pdf used on input line 370.
(pdftex.def)             Requested size: 187.90225pt x 91.54211pt.

Underfull \hbox (badness 1281) in paragraph at lines 387--388
\OT1/cmr/m/n/10 of the deuteron (dash-dotted curve) provides the
 []

[8 <./4HE7LI-eps-converted-to.pdf> <./4HE7LiCC-eps-converted-to.pdf>]
Package epstopdf Info: Source file: <pnvsnp.eps>
(epstopdf)                    date: 2019-05-10 09:46:42
(epstopdf)                    size: 337914 bytes
(epstopdf)             Output file: <pnvsnp-eps-converted-to.pdf>
(epstopdf)             Command: <repstopdf --outfile=pnvsnp-eps-converted-to.pd
f pnvsnp.eps>
(epstopdf)             \includegraphics on input line 398.
runsystem(repstopdf --outfile=pnvsnp-eps-converted-to.pdf pnvsnp.eps)...execute
d safely (allowed).

Package epstopdf Info: Result file: <pnvsnp-eps-converted-to.pdf>
(epstopdf)                    date: 2019-07-30 00:29:59
(epstopdf)                    size: 71995 bytes.

<pnvsnp-eps-converted-to.pdf, id=418, 337.26pt x 251.94125pt>
File: pnvsnp-eps-converted-to.pdf Graphic file (type pdf)

<use pnvsnp-eps-converted-to.pdf>
Package pdftex.def Info: pnvsnp-eps-converted-to.pdf used on input line 398.
(pdftex.def)             Requested size: 233.3125pt x 174.29327pt.

Underfull \hbox (badness 1983) in paragraph at lines 402--403
\OT1/cmr/m/n/10 It is due to the prominent cluster structure of
 []

Package epstopdf Info: Source file: <CS.eps>
(epstopdf)                    date: 2019-04-15 15:47:05
(epstopdf)                    size: 48239 bytes
(epstopdf)             Output file: <CS-eps-converted-to.pdf>
(epstopdf)                    date: 2019-04-15 15:47:11
(epstopdf)                    size: 21409 bytes
(epstopdf)             Command: <repstopdf --outfile=CS-eps-converted-to.pdf CS
.eps>
(epstopdf)             \includegraphics on input line 408.
Package epstopdf Info: Output file is already uptodate.
<CS-eps-converted-to.pdf, id=419, 285.065pt x 227.85126pt>
File: CS-eps-converted-to.pdf Graphic file (type pdf)

<use CS-eps-converted-to.pdf>
Package pdftex.def Info: CS-eps-converted-to.pdf used on input line 408.
(pdftex.def)             Requested size: 233.3125pt x 186.4846pt.

Underfull \hbox (badness 2237) in paragraph at lines 412--413
\OT1/cmr/m/n/10 involves the $[][]$Be = $[][]$Be$[](2[])$ + $\OML/cmm/m/it/10 n
$ \OT1/cmr/m/n/10 intermediate
 []


Underfull \hbox (badness 1072) in paragraph at lines 414--415
[]\OT1/cmr/m/n/10 Figure 11[] shows the contributions of all the
 []


Underfull \hbox (badness 1117) in paragraph at lines 414--415
\OT1/cmr/m/n/10 of the $[][]$Be($\OML/cmm/m/it/10 d; $\OT1/cmr/m/n/10 )$[][]$L
i$[]$ reaction (see Fig. 9[]) as a
 []

[9 <./pnvsnp-eps-converted-to.pdf> <./CS-eps-converted-to.pdf>]
Underfull \hbox (badness 1721) in paragraph at lines 419--428
\OT1/cmr/m/n/10 19.5 and 35 MeV. The calculated double-folding
 []

(./dbe.bbl
Underfull \hbox (badness 1062) in paragraph at lines 30--35
\OT1/cmr/m/n/8 Y, Trzaska W H, Burjan V, Kroha V, Mrazek J,
 []


Underfull \hbox (badness 1701) in paragraph at lines 120--125
[]\OT1/cmr/m/n/8 Rudchik A T, Chercas K A, Kemper K W, Rusek
 []

[10]) [11

] (./dbe.aux) ) 
Here is how much of TeX's memory you used:
 2395 strings out of 492995
 30701 string characters out of 6132705
 129861 words of memory out of 5000000
 5890 multiletter control sequences out of 15000+600000
 14558 words of font info for 56 fonts, out of 8000000 for 9000
 1141 hyphenation exceptions out of 8191
 39i,14n,26p,1064b,338s stack positions out of 5000i,500n,10000p,200000b,80000s
</usr/local/texlive/2017/texmf-dist/fonts/type1/public/amsfonts/
cm/cmbx10.pfb></usr/local/texlive/2017/texmf-dist/fonts/type1/public/amsfonts/c
m/cmbx12.pfb></usr/local/texlive/2017/texmf-dist/fonts/type1/public/amsfonts/cm
/cmbx8.pfb></usr/local/texlive/2017/texmf-dist/fonts/type1/public/amsfonts/cm/c
mex10.pfb></usr/local/texlive/2017/texmf-dist/fonts/type1/public/amsfonts/cmext
ra/cmex7.pfb></usr/local/texlive/2017/texmf-dist/fonts/type1/public/amsfonts/cm
/cmmi10.pfb></usr/local/texlive/2017/texmf-dist/fonts/type1/public/amsfonts/cm/
cmmi5.pfb></usr/local/texlive/2017/texmf-dist/fonts/type1/public/amsfonts/cm/cm
mi6.pfb></usr/local/texlive/2017/texmf-dist/fonts/type1/public/amsfonts/cm/cmmi
7.pfb></usr/local/texlive/2017/texmf-dist/fonts/type1/public/amsfonts/cm/cmmi8.
pfb></usr/local/texlive/2017/texmf-dist/fonts/type1/public/amsfonts/cm/cmmi9.pf
b></usr/local/texlive/2017/texmf-dist/fonts/type1/public/amsfonts/cm/cmr10.pfb>
</usr/local/texlive/2017/texmf-dist/fonts/type1/public/amsfonts/cm/cmr5.pfb></u
sr/local/texlive/2017/texmf-dist/fonts/type1/public/amsfonts/cm/cmr6.pfb></usr/
local/texlive/2017/texmf-dist/fonts/type1/public/amsfonts/cm/cmr7.pfb></usr/loc
al/texlive/2017/texmf-dist/fonts/type1/public/amsfonts/cm/cmr8.pfb></usr/local/
texlive/2017/texmf-dist/fonts/type1/public/amsfonts/cm/cmr9.pfb></usr/local/tex
live/2017/texmf-dist/fonts/type1/public/amsfonts/cm/cmsy10.pfb></usr/local/texl
ive/2017/texmf-dist/fonts/type1/public/amsfonts/cm/cmsy6.pfb></usr/local/texliv
e/2017/texmf-dist/fonts/type1/public/amsfonts/cm/cmsy7.pfb></usr/local/texlive/
2017/texmf-dist/fonts/type1/public/amsfonts/cm/cmsy8.pfb></usr/local/texlive/20
17/texmf-dist/fonts/type1/public/amsfonts/cm/cmsy9.pfb></usr/local/texlive/2017
/texmf-dist/fonts/type1/public/amsfonts/cm/cmti10.pfb></usr/local/texlive/2017/
texmf-dist/fonts/type1/public/amsfonts/cm/cmti8.pfb></usr/local/texlive/2017/te
xmf-dist/fonts/type1/public/amsfonts/cm/cmtt8.pfb></usr/local/texlive/2017/texm
f-dist/fonts/type1/public/amsfonts/symbols/msbm10.pfb>
Output written on dbe.pdf (11 pages, 2886273 bytes).
PDF statistics:
 542 PDF objects out of 1000 (max. 8388607)
 236 compressed objects within 3 object streams
 0 named destinations out of 1000 (max. 500000)
 56 words of extra memory for PDF output out of 10000 (max. 10000000)

